<?xml version="1.0" encoding="UTF-8"?>
<coverage generated="1640483396">
  <project timestamp="1640483396">
    <package name="TTN\Tea\Controller">
      <file name="/home/runner/work/tea/tea/Classes/Controller/TeaController.php">
        <class name="TTN\Tea\Controller\TeaController" namespace="TTN\Tea\Controller">
          <metrics complexity="3" methods="3" coveredmethods="3" conditionals="0" coveredconditionals="0" statements="6" coveredstatements="6" elements="9" coveredelements="9"/>
        </class>
        <line num="21" type="method" name="injectTeaRepository" visibility="public" complexity="1" crap="1" count="3"/>
        <line num="23" type="stmt" count="3"/>
        <line num="24" type="stmt" count="3"/>
        <line num="26" type="method" name="indexAction" visibility="public" complexity="1" crap="1" count="1"/>
        <line num="28" type="stmt" count="1"/>
        <line num="29" type="stmt" count="1"/>
        <line num="31" type="method" name="showAction" visibility="public" complexity="1" crap="1" count="1"/>
        <line num="33" type="stmt" count="1"/>
        <line num="34" type="stmt" count="1"/>
        <metrics loc="35" ncloc="29" classes="1" methods="3" coveredmethods="3" conditionals="0" coveredconditionals="0" statements="6" coveredstatements="6" elements="9" coveredelements="9"/>
      </file>
    </package>
    <package name="TTN\Tea\Domain\Model\Product">
      <file name="/home/runner/work/tea/tea/Classes/Domain/Model/Product/Tea.php">
        <class name="TTN\Tea\Domain\Model\Product\Tea" namespace="TTN\Tea\Domain\Model\Product">
          <metrics complexity="8" methods="6" coveredmethods="5" conditionals="0" coveredconditionals="0" statements="12" coveredstatements="10" elements="18" coveredelements="15"/>
        </class>
        <line num="34" type="method" name="getTitle" visibility="public" complexity="1" crap="1" count="2"/>
        <line num="36" type="stmt" count="2"/>
        <line num="39" type="method" name="setTitle" visibility="public" complexity="1" crap="1" count="1"/>
        <line num="41" type="stmt" count="1"/>
        <line num="42" type="stmt" count="1"/>
        <line num="44" type="method" name="getDescription" visibility="public" complexity="1" crap="1" count="2"/>
        <line num="46" type="stmt" count="2"/>
        <line num="49" type="method" name="setDescription" visibility="public" complexity="1" crap="1" count="1"/>
        <line num="51" type="stmt" count="1"/>
        <line num="52" type="stmt" count="1"/>
        <line num="54" type="method" name="getImage" visibility="public" complexity="3" crap="4.12" count="2"/>
        <line num="56" type="stmt" count="2"/>
        <line num="58" type="stmt" count="0"/>
        <line num="59" type="stmt" count="0"/>
        <line num="62" type="stmt" count="2"/>
        <line num="65" type="method" name="setImage" visibility="public" complexity="1" crap="1" count="1"/>
        <line num="67" type="stmt" count="1"/>
        <line num="68" type="stmt" count="1"/>
        <metrics loc="69" ncloc="54" classes="1" methods="6" coveredmethods="5" conditionals="0" coveredconditionals="0" statements="12" coveredstatements="10" elements="18" coveredelements="15"/>
      </file>
    </package>
    <package name="TTN\Tea\Domain\Repository\Product">
      <file name="/home/runner/work/tea/tea/Classes/Domain/Repository/Product/TeaRepository.php">
        <class name="TTN\Tea\Domain\Repository\Product\TeaRepository" namespace="TTN\Tea\Domain\Repository\Product">
          <metrics complexity="0" methods="0" coveredmethods="0" conditionals="0" coveredconditionals="0" statements="0" coveredstatements="0" elements="0" coveredelements="0"/>
        </class>
        <metrics loc="22" ncloc="16" classes="0" methods="0" coveredmethods="0" conditionals="0" coveredconditionals="0" statements="0" coveredstatements="0" elements="0" coveredelements="0"/>
      </file>
    </package>
    <package name="TTN\Tea\Domain\Repository\Traits">
      <file name="/home/runner/work/tea/tea/Classes/Domain/Repository/Traits/StoragePageAgnosticTrait.php">
        <class name="StoragePageAgnosticTrait" namespace="TTN\Tea\Domain\Repository\Traits">
          <metrics complexity="1" methods="1" coveredmethods="1" conditionals="0" coveredconditionals="0" statements="4" coveredstatements="4" elements="5" coveredelements="5"/>
        </class>
        <line num="17" type="method" name="initializeObject" visibility="public" complexity="1" crap="1" count="6"/>
        <line num="20" type="stmt" count="6"/>
        <line num="21" type="stmt" count="6"/>
        <line num="22" type="stmt" count="6"/>
        <line num="23" type="stmt" count="6"/>
        <metrics loc="24" ncloc="18" classes="1" methods="1" coveredmethods="1" conditionals="0" coveredconditionals="0" statements="4" coveredstatements="4" elements="5" coveredelements="5"/>
      </file>
    </package>
    <metrics files="4" loc="150" ncloc="117" classes="3" methods="10" coveredmethods="9" conditionals="0" coveredconditionals="0" statements="22" coveredstatements="20" elements="32" coveredelements="29"/>
  </project>
</coverage>
